#
# A fatal error has been detected by the Java Runtime Environment:
#
#  EXCEPTION_ACCESS_VIOLATION (0xc0000005) at pc=0x0000000050e30b62, pid=11672, tid=11732
#
# JRE version: Java(TM) SE Runtime Environment (7.0_79-b15) (build 1.7.0_79-b15)
# Java VM: Java HotSpot(TM) 64-Bit Server VM (24.79-b02 mixed mode windows-amd64 compressed oops)
# Problematic frame:
# V  [jvm.dll+0x40b62]
#
# Failed to write core dump. Minidumps are not enabled by default on client versions of Windows
#
# If you would like to submit a bug report, please visit:
#   http://bugreport.java.com/bugreport/crash.jsp
#

---------------  T H R E A D  ---------------

Current thread (0x000000000221b800):  GCTaskThread [stack: 0x0000000005a70000,0x0000000005b70000] [id=11732]

siginfo: ExceptionCode=0xc0000005, reading address 0x0000000000000196

Registers:
RAX=0x00000000000000e6, RBX=0x00000000fbae3808, RCX=0x00000000b00b9010, RDX=0x00000000fbae3808
RSP=0x0000000005b6f5c8, RBP=0x0000000005380681, RSI=0x0000000008bd1520, RDI=0x00000000c00cb838
R8 =0x0000000000000000, R9 =0x00000000b00b9010, R10=0x0000000000000000, R11=0x00000000c05dd7a0
R12=0x0000000005380601, R13=0x0000000000000031, R14=0x0000000000000000, R15=0x000000000220e050
RIP=0x0000000050e30b62, EFLAGS=0x0000000000010246

Top of Stack: (sp=0x0000000005b6f5c8)
0x0000000005b6f5c8:   0000000051194ca6 00000000fbae37b8
0x0000000005b6f5d8:   000000000000000a 0000000008bd1520
0x0000000005b6f5e8:   00000000021fd290 00000000fac80000
0x0000000005b6f5f8:   00000000511953b4 00000000c05dd0d0
0x0000000005b6f608:   0000000000000400 0000000000000000
0x0000000005b6f618:   0000000008bd1500 0000000005380601
0x0000000005b6f628:   0000000051195030 00000000c05dd7c8
0x0000000005b6f638:   0000000005380681 0000000008bd1520
0x0000000005b6f648:   00000000c00cb838 00000000c05dd7c8
0x0000000005b6f658:   0000000051195c45 00000000fbadfa88
0x0000000005b6f668:   0000000005380681 0000000008bd1520
0x0000000005b6f678:   0000000000000003 0000000008bd1520
0x0000000005b6f688:   0000000050eb6e91 0000000000000000
0x0000000005b6f698:   00000000511953b4 0000000008bd1520
0x0000000005b6f6a8:   0000000050edfed3 00000000c00cb465
0x0000000005b6f6b8:   00000000c00cb465 0000000008bd1520 

Instructions: (pc=0x0000000050e30b62)
0x0000000050e30b42:   e2 49 8d 0c 11 49 f7 d1 48 03 c1 49 c1 e9 03 48
0x0000000050e30b52:   c1 e8 03 41 23 c1 c3 48 8b 02 48 8b d1 49 8b c9
0x0000000050e30b62:   48 ff a0 b0 00 00 00 cc cc cc cc cc cc cc 80 3d
0x0000000050e30b72:   51 65 71 00 00 48 8b c1 74 1f 8b 51 08 8b 0d 33 


Register to memory mapping:

RAX=0x00000000000000e6 is an unknown value
RBX=0x00000000fbae3808 is an unknown value
RCX=0x00000000b00b9010 is pointing into object: 0x00000000b00b8d70
{constant pool cache} 
 - klass: {other class}
                 -------------
  0  (0x00000000b00b8d90)  [00|00|  210]
                 [   0x00000000c05bb400]
                 [   0x000000000000005c]
                 [   0x0000000004000005]
                 -------------
  1  (0x00000000b00b8db0)  [b5|b4|  211]
                 [   0x00000000c05bb400]
                 [   0x000000000000000d]
                 [   0x0000000004000002]
                 -------------
  2  (0x00000000b00b8dd0)  [b5|b4|  212]
                 [   0x00000000c05bb400]
                 [   0x000000000000000c]
                 [   0x0000000004000001]
                 -------------
  3  (0x00000000b00b8df0)  [b5|b4|  213]
                 [   0x00000000c05bb400]
                 [   0x0000000000000014]
                 [   0x0000000074000003]
                 -------------
  4  (0x00000000b00b8e10)  [b5|b4|  214]
                 [   0x00000000c05bb400]
                 [   0x0000000000000018]
                 [   0x0000000074000004]
                 -------------
  5  (0x00000000b00b8e30)  [b5|b4|  215]
                 [   0x00000000c05bb400]
                 [   0x0000000000000010]
                 [   0x0000000074000000]
                 -------------
  6  (0x00000000b00b8e50)  [00|00|  216]
                 [   0x00000000c05bb400]
                 [   0x0000000000000058]
                 [   0x0000000074000006]
                 -------------
  7  (0x00000000b00b8e70)  [00|00|  217]
                 [   0x0000000000000000]
                 [   0x0000000000000000]
                 [   0x0000000000000000]
                 -------------
  8  (0x00000000b00b8e90)  [00|00|  218]
                 [   0x0000000000000000]
                 [   0x0000000000000000]
                 [   0x0000000000000000]
                 -------------
  9  (0x00000000b00b8eb0)  [00|00|  219]
                 [   0x0000000000000000]
                 [   0x0000000000000000]
                 [   0x0000000000000000]
                 -------------
 10  (0x00000000b00b8ed0)  [00|00|  220]
                 [   0x0000000000000000]
                 [   0x0000000000000000]
                 [   0x0000000000000000]
                 -------------
 11  (0x00000000b00b8ef0)  [00|00|  221]
                 [   0x0000000000000000]
                 [   0x0000000000000000]
                 [   0x0000000000000000]
                 -------------
 12  (0x00000000b00b8f10)  [00|00|  222]
                 [   0x0000000000000000]
                 [   0x0000000000000000]
                 [   0x0000000000000000]
                 -------------
 13  (0x00000000b00b8f30)  [00|b7|  223]
                 [   0x00000000b0002030]
                 [   0x0000000000000000]
                 [   0xffffffff80000001]
                 -------------
 14  (0x00000000b00b8f50)  [00|00|  224]
                 [   0x0000000000000000]
                 [   0x0000000000000000]
                 [   0x0000000000000000]
                 -------------
 15  (0x00000000b00b8f70)  [00|00|  225]
                 [   0x0000000000000000]
                 [   0x0000000000000000]
                 [   0x0000000000000000]
                 -------------
 16  (0x00000000b00b8f90)  [00|00|  226]
                 [   0x0000000000000000]
                 [   0x0000000000000000]
                 [   0x0000000000000000]
                 -------------
 17  (0x00000000b00b8fb0)  [00|00|  227]
                 [   0x0000000000000000]
                 [   0x0000000000000000]
                 [   0x0000000000000000]
                 -------------
 18  (0x00000000b00b8fd0)  [00|00|  228]
                 [   0x0000000000000000]
                 [   0x0000000000000000]
                 [   0x0000000000000000]
                 -------------
 19  (0x00000000b00b8ff0)  [00|00|  229]
                 [   0x0000000000000000]
                 [   0x0000000000000000]
                 [   0x0000000000000000]
                 -------------
 20  (0x00000000b00b9010)  [00|00|  230]
                 [   0x0000000000000000]
                 [   0x0000000000000000]
                 [   0x0000000000000000]
                 -------------
 21  (0x00000000b00b9030)  [00|00|  231]
                 [   0x0000000000000000]
                 [   0x0000000000000000]
                 [   0x0000000000000000]
                 -------------
 22  (0x00000000b00b9050)  [00|00|  232]
                 [   0x0000000000000000]
                 [   0x0000000000000000]
                 [   0x0000000000000000]
                 -------------
 23  (0x00000000b00b9070)  [00|b8|  233]
                 [   0x00000000b001f2a0]
                 [   0x0000000000000000]
                 [   0xffffffff80400005]
                 -------------
 24  (0x00000000b00b9090)  [00|00|  234]
                 [   0x0000000000000000]
                 [   0x0000000000000000]
                 [   0x0000000000000000]
                 -------------
 25  (0x00000000b00b90b0)  [00|00|  235]
                 [   0x0000000000000000]
                 [   0x0000000000000000]
                 [   0x0000000000000000]
                 -------------
 26  (0x00000000b00b90d0)  [00|00|  236]
                 [   0x0000000000000000]
                 [   0x0000000000000000]
                 [   0x0000000000000000]
                 -------------
 27  (0x00000000b00b90f0)  [00|00|  237]
                 [   0x0000000000000000]
                 [   0x0000000000000000]
                 [   0x0000000000000000]
                 -------------
 28  (0x00000000b00b9110)  [00|00|  238]
                 [   0x0000000000000000]
                 [   0x0000000000000000]
                 [   0x0000000000000000]
                 -------------
 29  (0x00000000b00b9130)  [00|00|  239]
                 [   0x0000000000000000]
                 [   0x0000000000000000]
                 [   0x0000000000000000]
                 -------------
 30  (0x00000000b00b9150)  [00|00|  240]
                 [   0x0000000000000000]
                 [   0x0000000000000000]
                 [   0x0000000000000000]
                 -------------
 31  (0x00000000b00b9170)  [00|00|  241]
                 [   0x0000000000000000]
                 [   0x0000000000000000]
                 [   0x0000000000000000]
                 -------------
 32  (0x00000000b00b9190)  [00|b8|  242]
                 [   0x00000000b00b8488]
                 [   0x0000000000000000]
                 [   0x0000000070400000]
                 -------------
 33  (0x00000000b00b91b0)  [00|00|  243]
                 [   0x0000000000000000]
                 [   0x0000000000000000]
                 [   0x0000000000000000]
                 -------------
 34  (0x00000000b00b91d0)  [00|00|  244]
                 [   0x0000000000000000]
                 [   0x0000000000000000]
                 [   0x0000000000000000]
                 -------------
 35  (0x00000000b00b91f0)  [00|00|  245]
                 [   0x0000000000000000]
                 [   0x0000000000000000]
                 [   0x0000000000000000]
                 -------------
 36  (0x00000000b00b9210)  [00|00|  246]
                 [   0x0000000000000000]
                 [   0x0000000000000000]
                 [   0x0000000000000000]
                 -------------
 37  (0x00000000b00b9230)  [00|00|  247]
                 [   0x0000000000000000]
                 [   0x0000000000000000]
                 [   0x0000000000000000]
                 -------------
 38  (0x00000000b00b9250)  [00|00|  248]
                 [   0x0000000000000000]
                 [   0x0000000000000000]
                 [   0x0000000000000000]
                 -------------
 39  (0x00000000b00b9270)  [00|00|  249]
                 [   0x0000000000000000]
                 [   0x0000000000000000]
                 [   0x0000000000000000]
                 -------------
 40  (0x00000000b00b9290)  [00|00|  250]
                 [   0x0000000000000000]
                 [   0x0000000000000000]
                 [   0x0000000000000000]
                 -------------
 41  (0x00000000b00b92b0)  [00|00|  251]
                 [   0x0000000000000000]
                 [   0x0000000000000000]
                 [   0x0000000000000000]
                 -------------
 42  (0x00000000b00b92d0)  [00|00|  252]
                 [   0x0000000000000000]
                 [   0x0000000000000000]
                 [   0x0000000000000000]
                 -------------
 43  (0x00000000b00b92f0)  [00|00|  253]
                 [   0x0000000000000000]
                 [   0x0000000000000000]
                 [   0x0000000000000000]
                 -------------
 44  (0x00000000b00b9310)  [00|00|  254]
                 [   0x0000000000000000]
                 [   0x0000000000000000]
                 [   0x0000000000000000]
                 -------------
 45  (0x00000000b00b9330)  [00|00|  255]
                 [   0x0000000000000000]
                 [   0x0000000000000000]
                 [   0x0000000000000000]
                 -------------
 46  (0x00000000b00b9350)  [00|00|  256]
                 [   0x0000000000000000]
                 [   0x0000000000000000]
                 [   0x0000000000000000]
                 -------------
 47  (0x00000000b00b9370)  [00|00|  257]
                 [   0x0000000000000000]
                 [   0x0000000000000000]
                 [   0x0000000000000000]
                 -------------
RDX=0x00000000fbae3808 is an unknown value
RSP=0x0000000005b6f5c8 is an unknown value
RBP=0x0000000005380681 is an unknown value
RSI=0x0000000008bd1520 is an unknown value
RDI=0x00000000c00cb838 is an oop
java.lang.String 
 - klass: 'java/lang/String'
R8 =0x0000000000000000 is an unknown value
R9 =0x00000000b00b9010 is pointing into object: 0x00000000b00b8d70
{constant pool cache} 
 - klass: {other class}
                 -------------
  0  (0x00000000b00b8d90)  [00|00|  210]
                 [   0x00000000c05bb400]
                 [   0x000000000000005c]
                 [   0x0000000004000005]
                 -------------
  1  (0x00000000b00b8db0)  [b5|b4|  211]
                 [   0x00000000c05bb400]
                 [   0x000000000000000d]
                 [   0x0000000004000002]
                 -------------
  2  (0x00000000b00b8dd0)  [b5|b4|  212]
                 [   0x00000000c05bb400]
                 [   0x000000000000000c]
                 [   0x0000000004000001]
                 -------------
  3  (0x00000000b00b8df0)  [b5|b4|  213]
                 [   0x00000000c05bb400]
                 [   0x0000000000000014]
                 [   0x0000000074000003]
                 -------------
  4  (0x00000000b00b8e10)  [b5|b4|  214]
                 [   0x00000000c05bb400]
                 [   0x0000000000000018]
                 [   0x0000000074000004]
                 -------------
  5  (0x00000000b00b8e30)  [b5|b4|  215]
                 [   0x00000000c05bb400]
                 [   0x0000000000000010]
                 [   0x0000000074000000]
                 -------------
  6  (0x00000000b00b8e50)  [00|00|  216]
                 [   0x00000000c05bb400]
                 [   0x0000000000000058]
                 [   0x0000000074000006]
                 -------------
  7  (0x00000000b00b8e70)  [00|00|  217]
                 [   0x0000000000000000]
                 [   0x0000000000000000]
                 [   0x0000000000000000]
                 -------------
  8  (0x00000000b00b8e90)  [00|00|  218]
                 [   0x0000000000000000]
                 [   0x0000000000000000]
                 [   0x0000000000000000]
                 -------------
  9  (0x00000000b00b8eb0)  [00|00|  219]
                 [   0x0000000000000000]
                 [   0x0000000000000000]
                 [   0x0000000000000000]
                 -------------
 10  (0x00000000b00b8ed0)  [00|00|  220]
                 [   0x0000000000000000]
                 [   0x0000000000000000]
                 [   0x0000000000000000]
                 -------------
 11  (0x00000000b00b8ef0)  [00|00|  221]
                 [   0x0000000000000000]
                 [   0x0000000000000000]
                 [   0x0000000000000000]
                 -------------
 12  (0x00000000b00b8f10)  [00|00|  222]
                 [   0x0000000000000000]
                 [   0x0000000000000000]
                 [   0x0000000000000000]
                 -------------
 13  (0x00000000b00b8f30)  [00|b7|  223]
                 [   0x00000000b0002030]
                 [   0x0000000000000000]
                 [   0xffffffff80000001]
                 -------------
 14  (0x00000000b00b8f50)  [00|00|  224]
                 [   0x0000000000000000]
                 [   0x0000000000000000]
                 [   0x0000000000000000]
                 -------------
 15  (0x00000000b00b8f70)  [00|00|  225]
                 [   0x0000000000000000]
                 [   0x0000000000000000]
                 [   0x0000000000000000]
                 -------------
 16  (0x00000000b00b8f90)  [00|00|  226]
                 [   0x0000000000000000]
                 [   0x0000000000000000]
                 [   0x0000000000000000]
                 -------------
 17  (0x00000000b00b8fb0)  [00|00|  227]
                 [   0x0000000000000000]
                 [   0x0000000000000000]
                 [   0x0000000000000000]
                 -------------
 18  (0x00000000b00b8fd0)  [00|00|  228]
                 [   0x0000000000000000]
                 [   0x0000000000000000]
                 [   0x0000000000000000]
                 -------------
 19  (0x00000000b00b8ff0)  [00|00|  229]
                 [   0x0000000000000000]
                 [   0x0000000000000000]
                 [   0x0000000000000000]
                 -------------
 20  (0x00000000b00b9010)  [00|00|  230]
                 [   0x0000000000000000]
                 [   0x0000000000000000]
                 [   0x0000000000000000]
                 -------------
 21  (0x00000000b00b9030)  [00|00|  231]
                 [   0x0000000000000000]
                 [   0x0000000000000000]
                 [   0x0000000000000000]
                 -------------
 22  (0x00000000b00b9050)  [00|00|  232]
                 [   0x0000000000000000]
                 [   0x0000000000000000]
                 [   0x0000000000000000]
                 -------------
 23  (0x00000000b00b9070)  [00|b8|  233]
                 [   0x00000000b001f2a0]
                 [   0x0000000000000000]
                 [   0xffffffff80400005]
                 -------------
 24  (0x00000000b00b9090)  [00|00|  234]
                 [   0x0000000000000000]
                 [   0x0000000000000000]
                 [   0x0000000000000000]
                 -------------
 25  (0x00000000b00b90b0)  [00|00|  235]
                 [   0x0000000000000000]
                 [   0x0000000000000000]
                 [   0x0000000000000000]
                 -------------
 26  (0x00000000b00b90d0)  [00|00|  236]
                 [   0x0000000000000000]
                 [   0x0000000000000000]
                 [   0x0000000000000000]
                 -------------
 27  (0x00000000b00b90f0)  [00|00|  237]
                 [   0x0000000000000000]
                 [   0x0000000000000000]
                 [   0x0000000000000000]
                 -------------
 28  (0x00000000b00b9110)  [00|00|  238]
                 [   0x0000000000000000]
                 [   0x0000000000000000]
                 [   0x0000000000000000]
                 -------------
 29  (0x00000000b00b9130)  [00|00|  239]
                 [   0x0000000000000000]
                 [   0x0000000000000000]
                 [   0x0000000000000000]
                 -------------
 30  (0x00000000b00b9150)  [00|00|  240]
                 [   0x0000000000000000]
                 [   0x0000000000000000]
                 [   0x0000000000000000]
                 -------------
 31  (0x00000000b00b9170)  [00|00|  241]
                 [   0x0000000000000000]
                 [   0x0000000000000000]
                 [   0x0000000000000000]
                 -------------
 32  (0x00000000b00b9190)  [00|b8|  242]
                 [   0x00000000b00b8488]
                 [   0x0000000000000000]
                 [   0x0000000070400000]
                 -------------
 33  (0x00000000b00b91b0)  [00|00|  243]
                 [   0x0000000000000000]
                 [   0x0000000000000000]
                 [   0x0000000000000000]
                 -------------
 34  (0x00000000b00b91d0)  [00|00|  244]
                 [   0x0000000000000000]
                 [   0x0000000000000000]
                 [   0x0000000000000000]
                 -------------
 35  (0x00000000b00b91f0)  [00|00|  245]
                 [   0x0000000000000000]
                 [   0x0000000000000000]
                 [   0x0000000000000000]
                 -------------
 36  (0x00000000b00b9210)  [00|00|  246]
                 [   0x0000000000000000]
                 [   0x0000000000000000]
                 [   0x0000000000000000]
                 -------------
 37  (0x00000000b00b9230)  [00|00|  247]
                 [   0x0000000000000000]
                 [   0x0000000000000000]
                 [   0x0000000000000000]
                 -------------
 38  (0x00000000b00b9250)  [00|00|  248]
                 [   0x0000000000000000]
                 [   0x0000000000000000]
                 [   0x0000000000000000]
                 -------------
 39  (0x00000000b00b9270)  [00|00|  249]
                 [   0x0000000000000000]
                 [   0x0000000000000000]
                 [   0x0000000000000000]
                 -------------
 40  (0x00000000b00b9290)  [00|00|  250]
                 [   0x0000000000000000]
                 [   0x0000000000000000]
                 [   0x0000000000000000]
                 -------------
 41  (0x00000000b00b92b0)  [00|00|  251]
                 [   0x0000000000000000]
                 [   0x0000000000000000]
                 [   0x0000000000000000]
                 -------------
 42  (0x00000000b00b92d0)  [00|00|  252]
                 [   0x0000000000000000]
                 [   0x0000000000000000]
                 [   0x0000000000000000]
                 -------------
 43  (0x00000000b00b92f0)  [00|00|  253]
                 [   0x0000000000000000]
                 [   0x0000000000000000]
                 [   0x0000000000000000]
                 -------------
 44  (0x00000000b00b9310)  [00|00|  254]
                 [   0x0000000000000000]
                 [   0x0000000000000000]
                 [   0x0000000000000000]
                 -------------
 45  (0x00000000b00b9330)  [00|00|  255]
                 [   0x0000000000000000]
                 [   0x0000000000000000]
                 [   0x0000000000000000]
                 -------------
 46  (0x00000000b00b9350)  [00|00|  256]
                 [   0x0000000000000000]
                 [   0x0000000000000000]
                 [   0x0000000000000000]
                 -------------
 47  (0x00000000b00b9370)  [00|00|  257]
                 [   0x0000000000000000]
                 [   0x0000000000000000]
                 [   0x0000000000000000]
                 -------------
R10=0x0000000000000000 is an unknown value
R11=0x00000000c05dd7a0 is an oop
java.lang.reflect.Method 
 - klass: 'java/lang/reflect/Method'
R12=0x0000000005380601 is an unknown value
R13=0x0000000000000031 is an unknown value
R14=0x0000000000000000 is an unknown value
R15=0x000000000220e050 is an unknown value


Stack: [0x0000000005a70000,0x0000000005b70000],  sp=0x0000000005b6f5c8,  free space=1021k
Native frames: (J=compiled Java code, j=interpreted, Vv=VM code, C=native code)
V  [jvm.dll+0x40b62]


---------------  P R O C E S S  ---------------

Java Threads: ( => current thread )
  0x000000000c05b800 JavaThread "File lock request listener" [_thread_in_native, id=14192, stack(0x000000000d7d0000,0x000000000d8d0000)]
  0x000000000bd71000 JavaThread "Stdin handler" [_thread_blocked, id=13452, stack(0x000000000d6d0000,0x000000000d7d0000)]
  0x000000000bb02800 JavaThread "Daemon worker" [_thread_blocked, id=13584, stack(0x000000000d5d0000,0x000000000d6d0000)]
  0x000000000c006000 JavaThread "Cancel handler" [_thread_blocked, id=9524, stack(0x000000000d4d0000,0x000000000d5d0000)]
  0x000000000ba06800 JavaThread "Handler for socket connection from /127.0.0.1:62433 to /127.0.0.1:62439" [_thread_in_native, id=11856, stack(0x000000000d3d0000,0x000000000d4d0000)]
  0x000000000ba06000 JavaThread "Daemon" [_thread_blocked, id=11940, stack(0x000000000d2d0000,0x000000000d3d0000)]
  0x000000000b8f1800 JavaThread "Incoming local TCP Connector on port 62433" [_thread_in_native, id=11564, stack(0x000000000d1d0000,0x000000000d2d0000)]
  0x00000000022ef000 JavaThread "Service Thread" daemon [_thread_blocked, id=9312, stack(0x000000000b3d0000,0x000000000b4d0000)]
  0x00000000022ee000 JavaThread "C2 CompilerThread1" daemon [_thread_blocked, id=11168, stack(0x000000000b2d0000,0x000000000b3d0000)]
  0x000000000abf1000 JavaThread "C2 CompilerThread0" daemon [_thread_blocked, id=11780, stack(0x000000000b1d0000,0x000000000b2d0000)]
  0x00000000022ec800 JavaThread "Attach Listener" daemon [_thread_blocked, id=12040, stack(0x000000000b0d0000,0x000000000b1d0000)]
  0x000000000abf0800 JavaThread "Signal Dispatcher" daemon [_thread_blocked, id=9872, stack(0x000000000afd0000,0x000000000b0d0000)]
  0x0000000008bdb800 JavaThread "Finalizer" daemon [_thread_blocked, id=9096, stack(0x000000000aad0000,0x000000000abd0000)]
  0x0000000008bda800 JavaThread "Reference Handler" daemon [_thread_blocked, id=13420, stack(0x000000000a9d0000,0x000000000aad0000)]
  0x0000000002200800 JavaThread "main" [_thread_blocked, id=960, stack(0x00000000020f0000,0x00000000021f0000)]

Other Threads:
  0x0000000008bd4800 VMThread [stack: 0x000000000a8d0000,0x000000000a9d0000] [id=3624]
  0x00000000022f5000 WatcherThread [stack: 0x000000000b4d0000,0x000000000b5d0000] [id=11916]

=>0x000000000221b800 (exited) GCTaskThread [stack: 0x0000000005a70000,0x0000000005b70000] [id=11732]

VM state:at safepoint (normal execution)

VM Mutex/Monitor currently owned by a thread:  ([mutex/lock_event])
[0x00000000021fba00] Threads_lock - owner thread: 0x0000000008bd4800
[0x00000000021fc300] Heap_lock - owner thread: 0x000000000bb02800

Heap
 PSYoungGen      total 272896K, used 272876K [0x00000000eaa80000, 0x00000000fc980000, 0x0000000100000000)
  eden space 261120K, 100% used [0x00000000eaa80000,0x00000000fa980000,0x00000000fa980000)
  from space 11776K, 99% used [0x00000000fb800000,0x00000000fc37b100,0x00000000fc380000)
  to   space 14848K, 99% used [0x00000000fa980000,0x00000000fb7f9b28,0x00000000fb800000)
 ParOldGen       total 174592K, used 22194K [0x00000000c0000000, 0x00000000caa80000, 0x00000000eaa80000)
  object space 174592K, 12% used [0x00000000c0000000,0x00000000c15ac860,0x00000000caa80000)
 PSPermGen       total 40960K, used 40614K [0x00000000b0000000, 0x00000000b2800000, 0x00000000c0000000)
  object space 40960K, 99% used [0x00000000b0000000,0x00000000b27a9850,0x00000000b2800000)

Card table byte_map: [0x0000000005300000,0x0000000005590000] byte_map_base: 0x0000000004d80000

Polling page: 0x0000000000430000

Code Cache  [0x0000000002300000, 0x00000000026c0000, 0x0000000005300000)
 total_blobs=1341 nmethods=722 adapters=570 free_code_cache=45422Kb largest_free_block=46460480

Compilation events (10 events):
Event: 17.248 Thread 0x000000000abf1000  761             com.sun.beans.TypeResolver::erase (32 bytes)
Event: 17.256 Thread 0x000000000abf1000 nmethod 761 0x000000000269d550 code [0x000000000269d700, 0x000000000269dcb0]
Event: 17.256 Thread 0x000000000abf1000  762             groovy.lang.MetaClassImpl::findPropertyMethod (356 bytes)
Event: 17.279 Thread 0x000000000abf1000 nmethod 762 0x00000000026aed10 code [0x00000000026aefa0, 0x00000000026b0060]
Event: 17.308 Thread 0x000000000abf1000  763             java.util.Arrays$ArrayList::get (7 bytes)
Event: 17.309 Thread 0x000000000abf1000 nmethod 763 0x0000000002644cd0 code [0x0000000002644e00, 0x0000000002644e98]
Event: 17.328 Thread 0x000000000abf1000  765             groovy.lang.MetaClassImpl::checkIfGroovyObjectMethod (60 bytes)
Event: 17.329 Thread 0x000000000abf1000 nmethod 765 0x0000000002646950 code [0x0000000002646aa0, 0x0000000002646b78]
Event: 17.329 Thread 0x000000000abf1000  766             groovy.lang.MetaClassImpl::isGenericGetMethod (44 bytes)
Event: 17.331 Thread 0x000000000abf1000 nmethod 766 0x0000000002646490 code [0x00000000026465e0, 0x00000000026467a8]

GC Heap History (10 events):
Event: 4.646 GC heap after
Heap after GC invocations=2 (full 0):
 PSYoungGen      total 76800K, used 10749K [0x00000000eaa80000, 0x00000000f0000000, 0x0000000100000000)
  eden space 66048K, 0% used [0x00000000eaa80000,0x00000000eaa80000,0x00000000eeb00000)
  from space 10752K, 99% used [0x00000000ef580000,0x00000000effff440,0x00000000f0000000)
  to   space 10752K, 0% used [0x00000000eeb00000,0x00000000eeb00000,0x00000000ef580000)
 ParOldGen       total 174592K, used 677K [0x00000000c0000000, 0x00000000caa80000, 0x00000000eaa80000)
  object space 174592K, 0% used [0x00000000c0000000,0x00000000c00a94b8,0x00000000caa80000)
 PSPermGen       total 21504K, used 20345K [0x00000000b0000000, 0x00000000b1500000, 0x00000000c0000000)
  object space 21504K, 94% used [0x00000000b0000000,0x00000000b13de410,0x00000000b1500000)
}
Event: 5.073 GC heap before
{Heap before GC invocations=3 (full 0):
 PSYoungGen      total 76800K, used 76797K [0x00000000eaa80000, 0x00000000f0000000, 0x0000000100000000)
  eden space 66048K, 100% used [0x00000000eaa80000,0x00000000eeb00000,0x00000000eeb00000)
  from space 10752K, 99% used [0x00000000ef580000,0x00000000effff440,0x00000000f0000000)
  to   space 10752K, 0% used [0x00000000eeb00000,0x00000000eeb00000,0x00000000ef580000)
 ParOldGen       total 174592K, used 677K [0x00000000c0000000, 0x00000000caa80000, 0x00000000eaa80000)
  object space 174592K, 0% used [0x00000000c0000000,0x00000000c00a94b8,0x00000000caa80000)
 PSPermGen       total 21504K, used 20353K [0x00000000b0000000, 0x00000000b1500000, 0x00000000c0000000)
  object space 21504K, 94% used [0x00000000b0000000,0x00000000b13e0730,0x00000000b1500000)
Event: 5.084 GC heap after
Heap after GC invocations=3 (full 0):
 PSYoungGen      total 76800K, used 6628K [0x00000000eaa80000, 0x00000000f4080000, 0x0000000100000000)
  eden space 66048K, 0% used [0x00000000eaa80000,0x00000000eaa80000,0x00000000eeb00000)
  from space 10752K, 61% used [0x00000000eeb00000,0x00000000ef179250,0x00000000ef580000)
  to   space 10752K, 0% used [0x00000000f3600000,0x00000000f3600000,0x00000000f4080000)
 ParOldGen       total 174592K, used 677K [0x00000000c0000000, 0x00000000caa80000, 0x00000000eaa80000)
  object space 174592K, 0% used [0x00000000c0000000,0x00000000c00a94b8,0x00000000caa80000)
 PSPermGen       total 21504K, used 20353K [0x00000000b0000000, 0x00000000b1500000, 0x00000000c0000000)
  object space 21504K, 94% used [0x00000000b0000000,0x00000000b13e0730,0x00000000b1500000)
}
Event: 5.902 GC heap before
{Heap before GC invocations=4 (full 0):
 PSYoungGen      total 76800K, used 72676K [0x00000000eaa80000, 0x00000000f4080000, 0x0000000100000000)
  eden space 66048K, 100% used [0x00000000eaa80000,0x00000000eeb00000,0x00000000eeb00000)
  from space 10752K, 61% used [0x00000000eeb00000,0x00000000ef179250,0x00000000ef580000)
  to   space 10752K, 0% used [0x00000000f3600000,0x00000000f3600000,0x00000000f4080000)
 ParOldGen       total 174592K, used 677K [0x00000000c0000000, 0x00000000caa80000, 0x00000000eaa80000)
  object space 174592K, 0% used [0x00000000c0000000,0x00000000c00a94b8,0x00000000caa80000)
 PSPermGen       total 22528K, used 22461K [0x00000000b0000000, 0x00000000b1600000, 0x00000000c0000000)
  object space 22528K, 99% used [0x00000000b0000000,0x00000000b15ef4c8,0x00000000b1600000)
Event: 5.917 GC heap after
Heap after GC invocations=4 (full 0):
 PSYoungGen      total 142848K, used 9304K [0x00000000eaa80000, 0x00000000f4080000, 0x0000000100000000)
  eden space 132096K, 0% used [0x00000000eaa80000,0x00000000eaa80000,0x00000000f2b80000)
  from space 10752K, 86% used [0x00000000f3600000,0x00000000f3f162f0,0x00000000f4080000)
  to   space 10752K, 0% used [0x00000000f2b80000,0x00000000f2b80000,0x00000000f3600000)
 ParOldGen       total 174592K, used 685K [0x00000000c0000000, 0x00000000caa80000, 0x00000000eaa80000)
  object space 174592K, 0% used [0x00000000c0000000,0x00000000c00ab4b8,0x00000000caa80000)
 PSPermGen       total 22528K, used 22461K [0x00000000b0000000, 0x00000000b1600000, 0x00000000c0000000)
  object space 22528K, 99% used [0x00000000b0000000,0x00000000b15ef4c8,0x00000000b1600000)
}
Event: 6.815 GC heap before
{Heap before GC invocations=5 (full 0):
 PSYoungGen      total 142848K, used 141400K [0x00000000eaa80000, 0x00000000f4080000, 0x0000000100000000)
  eden space 132096K, 100% used [0x00000000eaa80000,0x00000000f2b80000,0x00000000f2b80000)
  from space 10752K, 86% used [0x00000000f3600000,0x00000000f3f162f0,0x00000000f4080000)
  to   space 10752K, 0% used [0x00000000f2b80000,0x00000000f2b80000,0x00000000f3600000)
 ParOldGen       total 174592K, used 685K [0x00000000c0000000, 0x00000000caa80000, 0x00000000eaa80000)
  object space 174592K, 0% used [0x00000000c0000000,0x00000000c00ab4b8,0x00000000caa80000)
 PSPermGen       total 22528K, used 22495K [0x00000000b0000000, 0x00000000b1600000, 0x00000000c0000000)
  object space 22528K, 99% used [0x00000000b0000000,0x00000000b15f7d58,0x00000000b1600000)
Event: 6.824 GC heap after
Heap after GC invocations=5 (full 0):
 PSYoungGen      total 142848K, used 9044K [0x00000000eaa80000, 0x00000000fc380000, 0x0000000100000000)
  eden space 132096K, 0% used [0x00000000eaa80000,0x00000000eaa80000,0x00000000f2b80000)
  from space 10752K, 84% used [0x00000000f2b80000,0x00000000f3455130,0x00000000f3600000)
  to   space 11776K, 0% used [0x00000000fb800000,0x00000000fb800000,0x00000000fc380000)
 ParOldGen       total 174592K, used 693K [0x00000000c0000000, 0x00000000caa80000, 0x00000000eaa80000)
  object space 174592K, 0% used [0x00000000c0000000,0x00000000c00ad4b8,0x00000000caa80000)
 PSPermGen       total 22528K, used 22495K [0x00000000b0000000, 0x00000000b1600000, 0x00000000c0000000)
  object space 22528K, 99% used [0x00000000b0000000,0x00000000b15f7d58,0x00000000b1600000)
}
Event: 9.047 GC heap before
{Heap before GC invocations=6 (full 0):
 PSYoungGen      total 142848K, used 141140K [0x00000000eaa80000, 0x00000000fc380000, 0x0000000100000000)
  eden space 132096K, 100% used [0x00000000eaa80000,0x00000000f2b80000,0x00000000f2b80000)
  from space 10752K, 84% used [0x00000000f2b80000,0x00000000f3455130,0x00000000f3600000)
  to   space 11776K, 0% used [0x00000000fb800000,0x00000000fb800000,0x00000000fc380000)
 ParOldGen       total 174592K, used 693K [0x00000000c0000000, 0x00000000caa80000, 0x00000000eaa80000)
  object space 174592K, 0% used [0x00000000c0000000,0x00000000c00ad4b8,0x00000000caa80000)
 PSPermGen       total 25600K, used 25109K [0x00000000b0000000, 0x00000000b1900000, 0x00000000c0000000)
  object space 25600K, 98% used [0x00000000b0000000,0x00000000b18855f0,0x00000000b1900000)
Event: 9.079 GC heap after
Heap after GC invocations=6 (full 0):
 PSYoungGen      total 272896K, used 11756K [0x00000000eaa80000, 0x00000000fc980000, 0x0000000100000000)
  eden space 261120K, 0% used [0x00000000eaa80000,0x00000000eaa80000,0x00000000fa980000)
  from space 11776K, 99% used [0x00000000fb800000,0x00000000fc37b100,0x00000000fc380000)
  to   space 14848K, 0% used [0x00000000fa980000,0x00000000fa980000,0x00000000fb800000)
 ParOldGen       total 174592K, used 4275K [0x00000000c0000000, 0x00000000caa80000, 0x00000000eaa80000)
  object space 174592K, 2% used [0x00000000c0000000,0x00000000c042cff0,0x00000000caa80000)
 PSPermGen       total 25600K, used 25109K [0x00000000b0000000, 0x00000000b1900000, 0x00000000c0000000)
  object space 25600K, 98% used [0x00000000b0000000,0x00000000b18855f0,0x00000000b1900000)
}
Event: 17.334 GC heap before
{Heap before GC invocations=7 (full 0):
 PSYoungGen      total 272896K, used 272876K [0x00000000eaa80000, 0x00000000fc980000, 0x0000000100000000)
  eden space 261120K, 100% used [0x00000000eaa80000,0x00000000fa980000,0x00000000fa980000)
  from space 11776K, 99% used [0x00000000fb800000,0x00000000fc37b100,0x00000000fc380000)
  to   space 14848K, 0% used [0x00000000fa980000,0x00000000fa980000,0x00000000fb800000)
 ParOldGen       total 174592K, used 4275K [0x00000000c0000000, 0x00000000caa80000, 0x00000000eaa80000)
  object space 174592K, 2% used [0x00000000c0000000,0x00000000c042cff0,0x00000000caa80000)
 PSPermGen       total 40960K, used 40614K [0x00000000b0000000, 0x00000000b2800000, 0x00000000c0000000)
  object space 40960K, 99% used [0x00000000b0000000,0x00000000b27a9850,0x00000000b2800000)

Deoptimization events (10 events):
Event: 16.097 Thread 0x000000000bb02800 Uncommon trap: reason=bimorphic action=maybe_recompile pc=0x000000000262287c method=org.codehaus.groovy.util.SingleKeyHashMap.get(Ljava/lang/Object;)Ljava/lang/Object; @ 43
Event: 16.181 Thread 0x000000000bb02800 Uncommon trap: reason=bimorphic action=maybe_recompile pc=0x000000000262287c method=org.codehaus.groovy.util.SingleKeyHashMap.get(Ljava/lang/Object;)Ljava/lang/Object; @ 43
Event: 16.707 Thread 0x000000000bb02800 Uncommon trap: reason=unreached action=reinterpret pc=0x000000000250911c method=java.security.CodeSource.getCertificates()[Ljava/security/cert/Certificate; @ 22
Event: 16.837 Thread 0x000000000bb02800 Uncommon trap: reason=null_check action=make_not_entrant pc=0x0000000002676734 method=com.sun.beans.WeakCache.get(Ljava/lang/Object;)Ljava/lang/Object; @ 10
Event: 16.857 Thread 0x000000000bb02800 Uncommon trap: reason=class_check action=maybe_recompile pc=0x00000000025fab8c method=java.util.ComparableTimSort.binarySort([Ljava/lang/Object;III)V @ 40
Event: 16.857 Thread 0x000000000bb02800 Uncommon trap: reason=class_check action=maybe_recompile pc=0x00000000025fab8c method=java.util.ComparableTimSort.binarySort([Ljava/lang/Object;III)V @ 40
Event: 16.912 Thread 0x000000000bb02800 Uncommon trap: reason=class_check action=maybe_recompile pc=0x00000000025fab8c method=java.util.ComparableTimSort.binarySort([Ljava/lang/Object;III)V @ 40
Event: 16.975 Thread 0x000000000bb02800 Uncommon trap: reason=predicate action=maybe_recompile pc=0x00000000024f4504 method=java.util.TimSort.binarySort([Ljava/lang/Object;IIILjava/util/Comparator;)V @ 37
Event: 17.007 Thread 0x000000000bb02800 Uncommon trap: reason=bimorphic action=maybe_recompile pc=0x00000000024f1ee4 method=java.util.HashMap$KeySet.iterator()Ljava/util/Iterator; @ 4
Event: 17.239 Thread 0x000000000bb02800 Uncommon trap: reason=null_check action=make_not_entrant pc=0x00000000026ab968 method=org.gradle.api.internal.AbstractClassGenerator$ClassMetaData.property(Ljava/lang/String;)Lorg/gradle/api/internal/AbstractClassGenerator$PropertyMetaData; @ 10

Internal exceptions (10 events):
Event: 17.332 Thread 0x000000000bb02800 Threw 0x00000000fa8fbea8 at C:\re\jdk7u79\2331\hotspot\src\share\vm\prims\jvm.cpp:1304
Event: 17.332 Thread 0x000000000bb02800 Threw 0x00000000fa8fd770 at C:\re\jdk7u79\2331\hotspot\src\share\vm\prims\jvm.cpp:1304
Event: 17.332 Thread 0x000000000bb02800 Threw 0x00000000fa903898 at C:\re\jdk7u79\2331\hotspot\src\share\vm\prims\jvm.cpp:1304
Event: 17.332 Thread 0x000000000bb02800 Threw 0x00000000fa904350 at C:\re\jdk7u79\2331\hotspot\src\share\vm\classfile\systemDictionary.cpp:185
Event: 17.333 Thread 0x000000000bb02800 Threw 0x00000000fa94d800 at C:\re\jdk7u79\2331\hotspot\src\share\vm\prims\jvm.cpp:1304
Event: 17.333 Thread 0x000000000bb02800 Threw 0x00000000fa954728 at C:\re\jdk7u79\2331\hotspot\src\share\vm\prims\jvm.cpp:1304
Event: 17.333 Thread 0x000000000bb02800 Threw 0x00000000fa956140 at C:\re\jdk7u79\2331\hotspot\src\share\vm\prims\jvm.cpp:1304
Event: 17.333 Thread 0x000000000bb02800 Threw 0x00000000fa957aa0 at C:\re\jdk7u79\2331\hotspot\src\share\vm\prims\jvm.cpp:1304
Event: 17.333 Thread 0x000000000bb02800 Threw 0x00000000fa95e538 at C:\re\jdk7u79\2331\hotspot\src\share\vm\prims\jvm.cpp:1304
Event: 17.333 Thread 0x000000000bb02800 Threw 0x00000000fa95ef08 at C:\re\jdk7u79\2331\hotspot\src\share\vm\classfile\systemDictionary.cpp:185

Events (10 events):
Event: 17.332 loading class 0x000000000e5ce450 done
Event: 17.332 loading class 0x000000000e5ce450
Event: 17.332 loading class 0x000000000e5ce450 done
Event: 17.333 loading class 0x000000000cb6ce60
Event: 17.333 loading class 0x000000000cb6ce60 done
Event: 17.333 loading class 0x000000000cb6ce60
Event: 17.333 loading class 0x000000000cb6ce60 done
Event: 17.333 loading class 0x000000000cb6ce60
Event: 17.333 loading class 0x000000000cb6ce60 done
Event: 17.333 Executing VM operation: ParallelGCFailedAllocation


Dynamic libraries:
0x00007ff7d0df0000 - 0x00007ff7d0e23000 	C:\Program Files\Java\jdk1.7.0_79\bin\java.exe
0x00007ffdc0130000 - 0x00007ffdc02f1000 	C:\Windows\SYSTEM32\ntdll.dll
0x00007ffdbd640000 - 0x00007ffdbd6ed000 	C:\Windows\system32\KERNEL32.DLL
0x00007ffdbc8a0000 - 0x00007ffdbca88000 	C:\Windows\system32\KERNELBASE.dll
0x00007ffdbfef0000 - 0x00007ffdbff97000 	C:\Windows\system32\ADVAPI32.dll
0x00007ffdbd850000 - 0x00007ffdbd8ed000 	C:\Windows\system32\msvcrt.dll
0x00007ffdbdcb0000 - 0x00007ffdbdd0b000 	C:\Windows\system32\sechost.dll
0x00007ffdbffa0000 - 0x00007ffdc00bc000 	C:\Windows\system32\RPCRT4.dll
0x00007ffdbf950000 - 0x00007ffdbfaa6000 	C:\Windows\system32\USER32.dll
0x00007ffdbdf10000 - 0x00007ffdbe096000 	C:\Windows\system32\GDI32.dll
0x00007ffdaff40000 - 0x00007ffdb01b4000 	C:\Windows\WinSxS\amd64_microsoft.windows.common-controls_6595b64144ccf1df_6.0.10586.0_none_8c15ae12515e1c22\COMCTL32.dll
0x00007ffdbe0a0000 - 0x00007ffdbe31d000 	C:\Windows\system32\combase.dll
0x00007ffdbd3c0000 - 0x00007ffdbd42a000 	C:\Windows\system32\bcryptPrimitives.dll
0x00007ffdbdd10000 - 0x00007ffdbdd4b000 	C:\Windows\system32\IMM32.DLL
0x0000000050880000 - 0x0000000050952000 	C:\Program Files\Java\jdk1.7.0_79\jre\bin\msvcr100.dll
0x0000000050df0000 - 0x00000000515c5000 	C:\Program Files\Java\jdk1.7.0_79\jre\bin\server\jvm.dll
0x00007ffdbfee0000 - 0x00007ffdbfee8000 	C:\Windows\system32\PSAPI.DLL
0x00007ffda43b0000 - 0x00007ffda43b9000 	C:\Windows\SYSTEM32\WSOCK32.dll
0x00007ffdc00c0000 - 0x00007ffdc012b000 	C:\Windows\system32\WS2_32.dll
0x00007ffdbaa30000 - 0x00007ffdbaa53000 	C:\Windows\SYSTEM32\WINMM.dll
0x00007ffdba6f0000 - 0x00007ffdba71c000 	C:\Windows\SYSTEM32\WINMMBASE.dll
0x00007ffdbd4e0000 - 0x00007ffdbd523000 	C:\Windows\system32\cfgmgr32.dll
0x0000000050d00000 - 0x0000000050d0f000 	C:\Program Files\Java\jdk1.7.0_79\jre\bin\verify.dll
0x0000000050cd0000 - 0x0000000050cf8000 	C:\Program Files\Java\jdk1.7.0_79\jre\bin\java.dll
0x0000000050cb0000 - 0x0000000050cc5000 	C:\Program Files\Java\jdk1.7.0_79\jre\bin\zip.dll
0x0000000050c90000 - 0x0000000050caa000 	C:\Program Files\Java\jdk1.7.0_79\jre\bin\net.dll
0x00007ffdbbd10000 - 0x00007ffdbbd6c000 	C:\Windows\system32\mswsock.dll
0x0000000050c70000 - 0x0000000050c81000 	C:\Program Files\Java\jdk1.7.0_79\jre\bin\nio.dll
0x00007ffdb4da0000 - 0x00007ffdb4db2000 	C:\Users\bkitn\.gradle\native\19\windows-amd64\native-platform.dll
0x00007ffdbdd50000 - 0x00007ffdbdda2000 	C:\Windows\system32\SHLWAPI.dll
0x00007ffdb7710000 - 0x00007ffdb7748000 	C:\Windows\SYSTEM32\IPHLPAPI.DLL
0x00007ffdbd9e0000 - 0x00007ffdbd9e8000 	C:\Windows\system32\NSI.dll
0x00007ffdb7480000 - 0x00007ffdb7496000 	C:\Windows\SYSTEM32\dhcpcsvc6.DLL
0x00007ffdb7460000 - 0x00007ffdb747a000 	C:\Windows\SYSTEM32\dhcpcsvc.DLL
0x00007ffdbbe20000 - 0x00007ffdbbe37000 	C:\Windows\SYSTEM32\CRYPTSP.dll
0x00007ffdbba50000 - 0x00007ffdbba84000 	C:\Windows\system32\rsaenh.dll
0x00007ffdbc680000 - 0x00007ffdbc6a9000 	C:\Windows\SYSTEM32\bcrypt.dll
0x00007ffdbbba0000 - 0x00007ffdbbbbf000 	C:\Windows\SYSTEM32\USERENV.dll
0x00007ffdbc7c0000 - 0x00007ffdbc7d4000 	C:\Windows\system32\profapi.dll
0x00007ffdbbf40000 - 0x00007ffdbbf4b000 	C:\Windows\SYSTEM32\CRYPTBASE.dll
0x00007ffd8a940000 - 0x00007ffd8aacc000 	C:\Windows\SYSTEM32\dbghelp.dll

VM Arguments:
jvm_args: -XX:MaxPermSize=256m -XX:+HeapDumpOnOutOfMemoryError -Xmx1024m -Dfile.encoding=windows-1252 -Duser.country=US -Duser.language=en -Duser.variant 
java_command: org.gradle.launcher.daemon.bootstrap.GradleDaemon 2.4 C:\Users\bkitn\.gradle C:\Users\bkitn\.gradle\daemon 10800000 9511ec8a-6874-46ac-9126-a602724a6876 -XX:MaxPermSize=256m -XX:+HeapDumpOnOutOfMemoryError -Xmx1024m -Dfile.encoding=windows-1252 -Duser.country=US -Duser.language=en -Duser.variant
Launcher Type: SUN_STANDARD

Environment Variables:
PATH=C:\Program Files\MongoDB\Server\3.2\bin;C:\Program Files\nodejs\;C:\Program Files (x86)\Skype\Phone\;C:\Python27
USERNAME=NguyenHai
OS=Windows_NT
PROCESSOR_IDENTIFIER=Intel64 Family 6 Model 42 Stepping 7, GenuineIntel



---------------  S Y S T E M  ---------------

OS: Windows 8.1 , 64 bit Build 9600 

CPU:total 8 (4 cores per cpu, 2 threads per core) family 6 model 42 stepping 7, cmov, cx8, fxsr, mmx, sse, sse2, sse3, ssse3, sse4.1, sse4.2, popcnt, avx, aes, ht, tsc, tscinvbit

Memory: 4k page, physical 16760052k(6706952k free), swap 30915828k(9607544k free)

vm_info: Java HotSpot(TM) 64-Bit Server VM (24.79-b02) for windows-amd64 JRE (1.7.0_79-b15), built on Apr 10 2015 12:36:16 by "java_re" with unknown MS VC++:1600

time: Sat Mar 12 11:58:50 2016
elapsed time: 17 seconds

