#
# A fatal error has been detected by the Java Runtime Environment:
#
#  EXCEPTION_ACCESS_VIOLATION (0xc0000005) at pc=0x00000000733feb40, pid=13044, tid=11912
#
# JRE version: Java(TM) SE Runtime Environment (8.0_91-b14) (build 1.8.0_91-b14)
# Java VM: Java HotSpot(TM) 64-Bit Server VM (25.91-b14 mixed mode windows-amd64 compressed oops)
# Problematic frame:
# V  [jvm.dll+0xaeb40]
#
# Failed to write core dump. Minidumps are not enabled by default on client versions of Windows
#
# If you would like to submit a bug report, please visit:
#   http://bugreport.java.com/bugreport/crash.jsp
#

---------------  T H R E A D  ---------------

Current thread (0x0000000002186800):  GCTaskThread [stack: 0x00000000119a0000,0x0000000011aa0000] [id=11912]

siginfo: ExceptionCode=0xc0000005, reading address 0x000000010088bc68

Registers:
RAX=0x0000000000000001, RBX=0x00000000fc304f08, RCX=0x00000000fc304f08, RDX=0x000000010088bc60
RSP=0x0000000011a9f5f8, RBP=0x0000000000000000, RSI=0x0000000014d85180, RDI=0x0000000018d63d90
R8 =0x0000000014d85180, R9 =0x00000000f7186fa0, R10=0x0000000000000002, R11=0x00000000fa78e638
R12=0x000000007399d0b8, R13=0x0000000000000009, R14=0x0000000000000000, R15=0x0000000002186dc0
RIP=0x00000000733feb40, EFLAGS=0x0000000000010206

Top of Stack: (sp=0x0000000011a9f5f8)
0x0000000011a9f5f8:   000000007374c702 00000000fa76fb79
0x0000000011a9f608:   00000000fa76fb79 0000000014d85180
0x0000000011a9f618:   000000000217d600 00000000fa786648
0x0000000011a9f628:   000000007374ce4b 0000000014d85180
0x0000000011a9f638:   0000000073461d63 0000000000000000
0x0000000011a9f648:   000000000217d601 000000007399d0b8
0x0000000011a9f658:   000000007374ca70 00000000fa76fb78
0x0000000011a9f668:   0000000000000000 0000000014d85180
0x0000000011a9f678:   0000000018d63d90 00000000fa76fb78
0x0000000011a9f688:   000000007374d445 00000000fcb03c28
0x0000000011a9f698:   0000000000000000 0000000014d85180
0x0000000011a9f6a8:   000000007374c981 00000000fcab2eb0
0x0000000011a9f6b8:   0000000000000003 0000000014d85180
0x0000000011a9f6c8:   00000778000002b2 0000000000000400
0x0000000011a9f6d8:   00000778000002b3 0000072d000002ae
0x0000000011a9f6e8:   00000778000002b2 0000000002186db0 

Instructions: (pc=0x00000000733feb40)
0x00000000733feb20:   4c ab 1d 00 48 8b 9c 24 d0 00 00 00 48 81 c4 c0
0x00000000733feb30:   00 00 00 5d c3 cc cc cc cc cc cc cc cc cc cc cc
0x00000000733feb40:   44 8b 42 08 4c 8b ca 45 85 c0 7e 0e 41 f6 c0 01
0x00000000733feb50:   75 57 41 c1 f8 03 41 8b c0 c3 79 4d 80 3d ce 50 


Register to memory mapping:

RAX=0x0000000000000001 is an unknown value
RBX=0x00000000fc304f08 is an oop

[error occurred during error reporting (printing register info), id 0xc0000005]

Stack: [0x00000000119a0000,0x0000000011aa0000],  sp=0x0000000011a9f5f8,  free space=1021k
Native frames: (J=compiled Java code, j=interpreted, Vv=VM code, C=native code)


---------------  P R O C E S S  ---------------

Java Threads: ( => current thread )
  0x0000000016d62000 JavaThread "pool-2-thread-4" [_thread_blocked, id=9456, stack(0x0000000017e40000,0x0000000017f40000)]
  0x0000000016d4f000 JavaThread "pool-2-thread-3" [_thread_blocked, id=7684, stack(0x0000000017d40000,0x0000000017e40000)]
  0x0000000016d5a000 JavaThread "pool-2-thread-2" [_thread_blocked, id=11584, stack(0x0000000017c40000,0x0000000017d40000)]
  0x0000000016d0e800 JavaThread "pool-3-thread-1" [_thread_blocked, id=11956, stack(0x0000000017b40000,0x0000000017c40000)]
  0x0000000016d22000 JavaThread "pool-2-thread-1" [_thread_blocked, id=7740, stack(0x0000000017a40000,0x0000000017b40000)]
  0x0000000016c99000 JavaThread "Service Thread" daemon [_thread_blocked, id=12364, stack(0x0000000017840000,0x0000000017940000)]
  0x0000000016c92800 JavaThread "C1 CompilerThread3" daemon [_thread_blocked, id=8696, stack(0x0000000017740000,0x0000000017840000)]
  0x0000000016c8d000 JavaThread "C2 CompilerThread2" daemon [_thread_blocked, id=13296, stack(0x0000000017640000,0x0000000017740000)]
  0x0000000016c8b000 JavaThread "C2 CompilerThread1" daemon [_thread_blocked, id=12596, stack(0x0000000017540000,0x0000000017640000)]
  0x0000000016c86800 JavaThread "C2 CompilerThread0" daemon [_thread_blocked, id=12676, stack(0x0000000017440000,0x0000000017540000)]
  0x0000000016c85000 JavaThread "Attach Listener" daemon [_thread_blocked, id=6420, stack(0x0000000017340000,0x0000000017440000)]
  0x0000000016c84000 JavaThread "Signal Dispatcher" daemon [_thread_blocked, id=12480, stack(0x0000000017240000,0x0000000017340000)]
  0x0000000002267800 JavaThread "Finalizer" daemon [_thread_blocked, id=12492, stack(0x0000000017060000,0x0000000017160000)]
  0x0000000002266000 JavaThread "Reference Handler" daemon [_thread_blocked, id=13056, stack(0x0000000016b60000,0x0000000016c60000)]
  0x000000000076d800 JavaThread "main" [_thread_blocked, id=12576, stack(0x0000000001f70000,0x0000000002070000)]

Other Threads:
  0x0000000014d89000 VMThread [stack: 0x0000000016a60000,0x0000000016b60000] [id=13284]
  0x0000000016cbb800 WatcherThread [stack: 0x0000000017940000,0x0000000017a40000] [id=12348]

=>0x0000000002186800 (exited) GCTaskThread [stack: 0x00000000119a0000,0x0000000011aa0000] [id=11912]

VM state:at safepoint (normal execution)

VM Mutex/Monitor currently owned by a thread:  ([mutex/lock_event])
[0x000000000076c8e0] Threads_lock - owner thread: 0x0000000014d89000
[0x000000000076ce60] Heap_lock - owner thread: 0x0000000016d4f000

Heap:
 PSYoungGen      total 251904K, used 247962K [0x00000000eab00000, 0x00000000ff300000, 0x0000000100000000)
  eden space 197632K, 100% used [0x00000000eab00000,0x00000000f6c00000,0x00000000f6c00000)
  from space 54272K, 92% used [0x00000000fbe00000,0x00000000fef26860,0x00000000ff300000)
  to   space 69120K, 90% used [0x00000000f6c00000,0x00000000fa93d130,0x00000000faf80000)
 ParOldGen       total 233472K, used 80488K [0x00000000c0000000, 0x00000000ce400000, 0x00000000eab00000)
  object space 233472K, 34% used [0x00000000c0000000,0x00000000c4e9a368,0x00000000ce400000)
 Metaspace       used 6133K, capacity 7096K, committed 7296K, reserved 1056768K
  class space    used 610K, capacity 624K, committed 640K, reserved 1048576K

Card table byte_map: [0x0000000011630000,0x0000000011840000] byte_map_base: 0x0000000011030000

Marking Bits: (ParMarkBitMap*) 0x0000000073b62f70
 Begin Bits: [0x00000000121a0000, 0x00000000131a0000)
 End Bits:   [0x00000000131a0000, 0x00000000141a0000)

Polling page: 0x0000000000750000

CodeCache: size=245760Kb used=10127Kb max_used=10149Kb free=235632Kb
 bounds [0x0000000002270000, 0x0000000002c70000, 0x0000000011270000]
 total_blobs=2241 nmethods=1977 adapters=175
 compilation: enabled

Compilation events (10 events):
Event: 7.093 Thread 0x0000000016c92800 2188       3       com.android.dx.ssa.back.FirstFitLocalCombiningAllocator::markReserved (13 bytes)
Event: 7.093 Thread 0x0000000016c92800 nmethod 2188 0x0000000002bf1b10 code [0x0000000002bf1c80, 0x0000000002bf1e88]
Event: 7.093 Thread 0x0000000016c92800 2189       3       java.util.BitSet::set (20 bytes)
Event: 7.093 Thread 0x0000000016c92800 nmethod 2189 0x0000000002c222d0 code [0x0000000002c22440, 0x0000000002c22658]
Event: 7.097 Thread 0x0000000016c92800 2192       3       java.util.Collections$UnmodifiableList::get (11 bytes)
Event: 7.097 Thread 0x0000000016c92800 nmethod 2192 0x0000000002c21e90 code [0x0000000002c22000, 0x0000000002c22228]
Event: 7.144 Thread 0x0000000016c8b000 nmethod 2179 0x0000000002c49f50 code [0x0000000002c4a220, 0x0000000002c4c7d0]
Event: 7.144 Thread 0x0000000016c8b000 2191       4       com.android.dx.ssa.SCCP::simulatePhiBlock (50 bytes)
Event: 7.488 Thread 0x0000000016c8b000 nmethod 2191 0x0000000002c59710 code [0x0000000002c59a40, 0x0000000002c5c510]
Event: 7.489 Thread 0x0000000016c8b000 2190       4       com.android.dx.ssa.SCCP::simulatePhi (169 bytes)

GC Heap History (10 events):
Event: 3.338 GC heap after
Heap after GC invocations=3 (full 0):
 PSYoungGen      total 76288K, used 10743K [0x00000000eab00000, 0x00000000f4000000, 0x0000000100000000)
  eden space 65536K, 0% used [0x00000000eab00000,0x00000000eab00000,0x00000000eeb00000)
  from space 10752K, 99% used [0x00000000eeb00000,0x00000000ef57dfc0,0x00000000ef580000)
  to   space 10752K, 0% used [0x00000000f3580000,0x00000000f3580000,0x00000000f4000000)
 ParOldGen       total 175104K, used 59905K [0x00000000c0000000, 0x00000000cab00000, 0x00000000eab00000)
  object space 175104K, 34% used [0x00000000c0000000,0x00000000c3a80408,0x00000000cab00000)
 Metaspace       used 5917K, capacity 7024K, committed 7296K, reserved 1056768K
  class space    used 590K, capacity 616K, committed 640K, reserved 1048576K
}
Event: 3.567 GC heap before
{Heap before GC invocations=4 (full 0):
 PSYoungGen      total 76288K, used 76279K [0x00000000eab00000, 0x00000000f4000000, 0x0000000100000000)
  eden space 65536K, 100% used [0x00000000eab00000,0x00000000eeb00000,0x00000000eeb00000)
  from space 10752K, 99% used [0x00000000eeb00000,0x00000000ef57dfc0,0x00000000ef580000)
  to   space 10752K, 0% used [0x00000000f3580000,0x00000000f3580000,0x00000000f4000000)
 ParOldGen       total 175104K, used 59905K [0x00000000c0000000, 0x00000000cab00000, 0x00000000eab00000)
  object space 175104K, 34% used [0x00000000c0000000,0x00000000c3a80408,0x00000000cab00000)
 Metaspace       used 5920K, capacity 7024K, committed 7296K, reserved 1056768K
  class space    used 590K, capacity 616K, committed 640K, reserved 1048576K
Event: 3.637 GC heap after
Heap after GC invocations=4 (full 0):
 PSYoungGen      total 141824K, used 10743K [0x00000000eab00000, 0x00000000f4000000, 0x0000000100000000)
  eden space 131072K, 0% used [0x00000000eab00000,0x00000000eab00000,0x00000000f2b00000)
  from space 10752K, 99% used [0x00000000f3580000,0x00000000f3ffdfc0,0x00000000f4000000)
  to   space 10752K, 0% used [0x00000000f2b00000,0x00000000f2b00000,0x00000000f3580000)
 ParOldGen       total 175104K, used 91152K [0x00000000c0000000, 0x00000000cab00000, 0x00000000eab00000)
  object space 175104K, 52% used [0x00000000c0000000,0x00000000c5904098,0x00000000cab00000)
 Metaspace       used 5920K, capacity 7024K, committed 7296K, reserved 1056768K
  class space    used 590K, capacity 616K, committed 640K, reserved 1048576K
}
Event: 4.772 GC heap before
{Heap before GC invocations=5 (full 0):
 PSYoungGen      total 141824K, used 141815K [0x00000000eab00000, 0x00000000f4000000, 0x0000000100000000)
  eden space 131072K, 100% used [0x00000000eab00000,0x00000000f2b00000,0x00000000f2b00000)
  from space 10752K, 99% used [0x00000000f3580000,0x00000000f3ffdfc0,0x00000000f4000000)
  to   space 10752K, 0% used [0x00000000f2b00000,0x00000000f2b00000,0x00000000f3580000)
 ParOldGen       total 175104K, used 91152K [0x00000000c0000000, 0x00000000cab00000, 0x00000000eab00000)
  object space 175104K, 52% used [0x00000000c0000000,0x00000000c5904098,0x00000000cab00000)
 Metaspace       used 6021K, capacity 7032K, committed 7296K, reserved 1056768K
  class space    used 610K, capacity 624K, committed 640K, reserved 1048576K
Event: 4.816 GC heap after
Heap after GC invocations=5 (full 0):
 PSYoungGen      total 141824K, used 10728K [0x00000000eab00000, 0x0000000100000000, 0x0000000100000000)
  eden space 131072K, 0% used [0x00000000eab00000,0x00000000eab00000,0x00000000f2b00000)
  from space 10752K, 99% used [0x00000000f2b00000,0x00000000f357a0a8,0x00000000f3580000)
  to   space 67584K, 0% used [0x00000000fbe00000,0x00000000fbe00000,0x0000000100000000)
 ParOldGen       total 175104K, used 142969K [0x00000000c0000000, 0x00000000cab00000, 0x00000000eab00000)
  object space 175104K, 81% used [0x00000000c0000000,0x00000000c8b9e638,0x00000000cab00000)
 Metaspace       used 6021K, capacity 7032K, committed 7296K, reserved 1056768K
  class space    used 610K, capacity 624K, committed 640K, reserved 1048576K
}
Event: 4.816 GC heap before
{Heap before GC invocations=6 (full 1):
 PSYoungGen      total 141824K, used 10728K [0x00000000eab00000, 0x0000000100000000, 0x0000000100000000)
  eden space 131072K, 0% used [0x00000000eab00000,0x00000000eab00000,0x00000000f2b00000)
  from space 10752K, 99% used [0x00000000f2b00000,0x00000000f357a0a8,0x00000000f3580000)
  to   space 67584K, 0% used [0x00000000fbe00000,0x00000000fbe00000,0x0000000100000000)
 ParOldGen       total 175104K, used 142969K [0x00000000c0000000, 0x00000000cab00000, 0x00000000eab00000)
  object space 175104K, 81% used [0x00000000c0000000,0x00000000c8b9e638,0x00000000cab00000)
 Metaspace       used 6021K, capacity 7032K, committed 7296K, reserved 1056768K
  class space    used 610K, capacity 624K, committed 640K, reserved 1048576K
Event: 5.200 GC heap after
Heap after GC invocations=6 (full 1):
 PSYoungGen      total 141824K, used 0K [0x00000000eab00000, 0x0000000100000000, 0x0000000100000000)
  eden space 131072K, 0% used [0x00000000eab00000,0x00000000eab00000,0x00000000f2b00000)
  from space 10752K, 0% used [0x00000000f2b00000,0x00000000f2b00000,0x00000000f3580000)
  to   space 67584K, 0% used [0x00000000fbe00000,0x00000000fbe00000,0x0000000100000000)
 ParOldGen       total 233472K, used 80488K [0x00000000c0000000, 0x00000000ce400000, 0x00000000eab00000)
  object space 233472K, 34% used [0x00000000c0000000,0x00000000c4e9a368,0x00000000ce400000)
 Metaspace       used 6021K, capacity 7032K, committed 7296K, reserved 1056768K
  class space    used 610K, capacity 624K, committed 640K, reserved 1048576K
}
Event: 6.152 GC heap before
{Heap before GC invocations=7 (full 1):
 PSYoungGen      total 141824K, used 131072K [0x00000000eab00000, 0x0000000100000000, 0x0000000100000000)
  eden space 131072K, 100% used [0x00000000eab00000,0x00000000f2b00000,0x00000000f2b00000)
  from space 10752K, 0% used [0x00000000f2b00000,0x00000000f2b00000,0x00000000f3580000)
  to   space 67584K, 0% used [0x00000000fbe00000,0x00000000fbe00000,0x0000000100000000)
 ParOldGen       total 233472K, used 80488K [0x00000000c0000000, 0x00000000ce400000, 0x00000000eab00000)
  object space 233472K, 34% used [0x00000000c0000000,0x00000000c4e9a368,0x00000000ce400000)
 Metaspace       used 6074K, capacity 7096K, committed 7296K, reserved 1056768K
  class space    used 610K, capacity 624K, committed 640K, reserved 1048576K
Event: 6.219 GC heap after
Heap after GC invocations=7 (full 1):
 PSYoungGen      total 251904K, used 50330K [0x00000000eab00000, 0x00000000ff300000, 0x0000000100000000)
  eden space 197632K, 0% used [0x00000000eab00000,0x00000000eab00000,0x00000000f6c00000)
  from space 54272K, 92% used [0x00000000fbe00000,0x00000000fef26860,0x00000000ff300000)
  to   space 69120K, 0% used [0x00000000f6c00000,0x00000000f6c00000,0x00000000faf80000)
 ParOldGen       total 233472K, used 80488K [0x00000000c0000000, 0x00000000ce400000, 0x00000000eab00000)
  object space 233472K, 34% used [0x00000000c0000000,0x00000000c4e9a368,0x00000000ce400000)
 Metaspace       used 6074K, capacity 7096K, committed 7296K, reserved 1056768K
  class space    used 610K, capacity 624K, committed 640K, reserved 1048576K
}
Event: 7.493 GC heap before
{Heap before GC invocations=8 (full 1):
 PSYoungGen      total 251904K, used 247962K [0x00000000eab00000, 0x00000000ff300000, 0x0000000100000000)
  eden space 197632K, 100% used [0x00000000eab00000,0x00000000f6c00000,0x00000000f6c00000)
  from space 54272K, 92% used [0x00000000fbe00000,0x00000000fef26860,0x00000000ff300000)
  to   space 69120K, 0% used [0x00000000f6c00000,0x00000000f6c00000,0x00000000faf80000)
 ParOldGen       total 233472K, used 80488K [0x00000000c0000000, 0x00000000ce400000, 0x00000000eab00000)
  object space 233472K, 34% used [0x00000000c0000000,0x00000000c4e9a368,0x00000000ce400000)
 Metaspace       used 6133K, capacity 7096K, committed 7296K, reserved 1056768K
  class space    used 610K, capacity 624K, committed 640K, reserved 1048576K

Deoptimization events (10 events):
Event: 6.651 Thread 0x000000000076d800 Uncommon trap: reason=bimorphic action=maybe_recompile pc=0x00000000029147c4 method=com.android.dx.ssa.SCCP.setLatticeValueTo(IILcom/android/dx/rop/cst/Constant;)Z @ 43
Event: 6.651 Thread 0x000000000076d800 Uncommon trap: reason=bimorphic action=maybe_recompile pc=0x00000000029530e0 method=com.android.dx.ssa.SCCP.setLatticeValueTo(IILcom/android/dx/rop/cst/Constant;)Z @ 43
Event: 6.651 Thread 0x000000000076d800 Uncommon trap: reason=bimorphic action=maybe_recompile pc=0x00000000029530e0 method=com.android.dx.ssa.SCCP.setLatticeValueTo(IILcom/android/dx/rop/cst/Constant;)Z @ 43
Event: 6.817 Thread 0x0000000016d5a000 Uncommon trap: reason=unstable_if action=reinterpret pc=0x0000000002b065ac method=com.android.dx.cf.code.LocalVariableList$Item.matchesPcAndIndex(II)Z @ 13
Event: 6.817 Thread 0x0000000016d5a000 Uncommon trap: reason=unstable_if action=reinterpret pc=0x0000000002972db8 method=com.android.dx.cf.code.LocalVariableList$Item.matchesPcAndIndex(II)Z @ 13
Event: 7.004 Thread 0x0000000016d5a000 Uncommon trap: reason=unstable_if action=reinterpret pc=0x000000000275c4ac method=com.android.dx.rop.code.Insn.equalsHandleNulls(Ljava/lang/Object;Ljava/lang/Object;)Z @ 14
Event: 7.052 Thread 0x0000000016d5a000 Uncommon trap: reason=bimorphic action=maybe_recompile pc=0x0000000002c397f0 method=com.android.dx.cf.code.BytecodeArray.parseInstruction(ILcom/android/dx/cf/code/BytecodeArray$Visitor;)I @ 1549
Event: 7.052 Thread 0x0000000016d5a000 Uncommon trap: reason=bimorphic action=maybe_recompile pc=0x0000000002c397f0 method=com.android.dx.cf.code.BytecodeArray.parseInstruction(ILcom/android/dx/cf/code/BytecodeArray$Visitor;)I @ 1549
Event: 7.094 Thread 0x0000000016d5a000 Uncommon trap: reason=bimorphic action=maybe_recompile pc=0x00000000029147c4 method=com.android.dx.ssa.SCCP.setLatticeValueTo(IILcom/android/dx/rop/cst/Constant;)Z @ 43
Event: 7.095 Thread 0x0000000016d5a000 Uncommon trap: reason=bimorphic action=maybe_recompile pc=0x00000000029530e0 method=com.android.dx.ssa.SCCP.setLatticeValueTo(IILcom/android/dx/rop/cst/Constant;)Z @ 43

Internal exceptions (7 events):
Event: 1.227 Thread 0x000000000076d800 Exception <a 'java/lang/NoSuchMethodError': Method sun.misc.Unsafe.defineClass(Ljava/lang/String;[BII)Ljava/lang/Class; name or signature does not match> (0x00000000eab07cc0) thrown at [C:\re\workspace\8-2-build-windows-amd64-cygwin\jdk8u91\6644\hotspot\sr¯î:¦G¡ó?
Event: 1.227 Thread 0x000000000076d800 Exception <a 'java/lang/NoSuchMethodError': Method sun.misc.Unsafe.prefetchRead(Ljava/lang/Object;J)V name or signature does not match> (0x00000000eab07fa8) thrown at [C:\re\workspace\8-2-build-windows-amd64-cygwin\jdk8u91\6644\hotspot\src\share\vm\prims\j&@Y‡@@
Event: 2.126 Thread 0x000000000076d800 Implicit null exception at 0x0000000002536605 to 0x0000000002537e5d
Event: 2.126 Thread 0x000000000076d800 Implicit null exception at 0x00000000025117f1 to 0x0000000002512fbd
Event: 4.229 Thread 0x0000000016d4f000 Exception <a 'java/lang/ArrayIndexOutOfBoundsException': 18> (0x00000000ee457950) thrown at [C:\re\workspace\8-2-build-windows-amd64-cygwin\jdk8u91\6644\hotspot\src\share\vm\interpreter\interpreterRuntime.cpp, line 366]
Event: 4.230 Thread 0x0000000016d4f000 Exception <a 'java/lang/ArrayIndexOutOfBoundsException': 145> (0x00000000ee4594d0) thrown at [C:\re\workspace\8-2-build-windows-amd64-cygwin\jdk8u91\6644\hotspot\src\share\vm\interpreter\interpreterRuntime.cpp, line 366]
Event: 4.230 Thread 0x0000000016d4f000 Exception <a 'java/lang/ArrayIndexOutOfBoundsException'> (0x00000000ee45a7b8) thrown at [C:\re\workspace\8-2-build-windows-amd64-cygwin\jdk8u91\6644\hotspot\src\share\vm\runtime\sharedRuntime.cpp, line 605]

Events (10 events):
Event: 7.092 Thread 0x0000000016d5a000 DEOPT UNPACKING pc=0x00000000022b787f sp=0x0000000017d3ebf0 mode 0
Event: 7.094 Thread 0x0000000016d5a000 Uncommon trap: trap_request=0xffffffc6 fr.pc=0x00000000029147c4
Event: 7.094 Thread 0x0000000016d5a000 DEOPT PACKING pc=0x00000000029147c4 sp=0x0000000017d3ee00
Event: 7.094 Thread 0x0000000016d5a000 DEOPT UNPACKING pc=0x00000000022b582a sp=0x0000000017d3ed18 mode 2
Event: 7.094 Thread 0x0000000016d5a000 Uncommon trap: trap_request=0xffffffc6 fr.pc=0x00000000029530e0
Event: 7.095 Thread 0x0000000016d5a000 DEOPT PACKING pc=0x00000000029530e0 sp=0x0000000017d3ed90
Event: 7.095 Thread 0x0000000016d5a000 DEOPT UNPACKING pc=0x00000000022b582a sp=0x0000000017d3ed08 mode 2
Event: 7.485 Thread 0x000000000076d800 DEOPT PACKING pc=0x000000000284792d sp=0x000000000206de60
Event: 7.485 Thread 0x000000000076d800 DEOPT UNPACKING pc=0x00000000022b787f sp=0x000000000206dbc8 mode 0
Event: 7.493 Executing VM operation: ParallelGCFailedAllocation


Dynamic libraries:
0x00007ff6c0740000 - 0x00007ff6c0777000 	C:\Program Files\Java\jdk1.8.0_91\bin\java.exe
0x00007fff9a610000 - 0x00007fff9a7d1000 	C:\Windows\SYSTEM32\ntdll.dll
0x00007fff9a390000 - 0x00007fff9a43d000 	C:\Windows\system32\KERNEL32.DLL
0x00007fff97420000 - 0x00007fff97608000 	C:\Windows\system32\KERNELBASE.dll
0x00007fff98460000 - 0x00007fff98507000 	C:\Windows\system32\ADVAPI32.dll
0x00007fff99d70000 - 0x00007fff99e0d000 	C:\Windows\system32\msvcrt.dll
0x00007fff97fc0000 - 0x00007fff9801b000 	C:\Windows\system32\sechost.dll
0x00007fff98020000 - 0x00007fff9813c000 	C:\Windows\system32\RPCRT4.dll
0x00007fff98300000 - 0x00007fff98456000 	C:\Windows\system32\USER32.dll
0x00007fff99f40000 - 0x00007fff9a0c6000 	C:\Windows\system32\GDI32.dll
0x00007fff8a8c0000 - 0x00007fff8ab34000 	C:\Windows\WinSxS\amd64_microsoft.windows.common-controls_6595b64144ccf1df_6.0.10586.0_none_8c15ae12515e1c22\COMCTL32.dll
0x00007fff99a70000 - 0x00007fff99ced000 	C:\Windows\system32\combase.dll
0x00007fff97610000 - 0x00007fff9767a000 	C:\Windows\system32\bcryptPrimitives.dll
0x00007fff9a350000 - 0x00007fff9a38b000 	C:\Windows\system32\IMM32.DLL
0x0000000073020000 - 0x00000000730f2000 	C:\Program Files\Java\jdk1.8.0_91\jre\bin\msvcr100.dll
0x0000000073350000 - 0x0000000073be3000 	C:\Program Files\Java\jdk1.8.0_91\jre\bin\server\jvm.dll
0x00007fff9a440000 - 0x00007fff9a448000 	C:\Windows\system32\PSAPI.DLL
0x00007fff87100000 - 0x00007fff87109000 	C:\Windows\SYSTEM32\WSOCK32.dll
0x00007fff9a190000 - 0x00007fff9a1fb000 	C:\Windows\system32\WS2_32.dll
0x00007fff94630000 - 0x00007fff94653000 	C:\Windows\SYSTEM32\WINMM.dll
0x00007fff952c0000 - 0x00007fff952ca000 	C:\Windows\SYSTEM32\VERSION.dll
0x00007fff945d0000 - 0x00007fff945fc000 	C:\Windows\SYSTEM32\WINMMBASE.dll
0x00007fff97760000 - 0x00007fff977a3000 	C:\Windows\system32\cfgmgr32.dll
0x0000000076710000 - 0x000000007671f000 	C:\Program Files\Java\jdk1.8.0_91\jre\bin\verify.dll
0x00000000766e0000 - 0x0000000076709000 	C:\Program Files\Java\jdk1.8.0_91\jre\bin\java.dll
0x00000000766c0000 - 0x00000000766d6000 	C:\Program Files\Java\jdk1.8.0_91\jre\bin\zip.dll
0x00007fff98510000 - 0x00007fff99a6c000 	C:\Windows\system32\SHELL32.dll
0x00007fff96d70000 - 0x00007fff973b4000 	C:\Windows\system32\windows.storage.dll
0x00007fff99ee0000 - 0x00007fff99f32000 	C:\Windows\system32\shlwapi.dll
0x00007fff96c80000 - 0x00007fff96c8f000 	C:\Windows\system32\kernel.appcore.dll
0x00007fff976a0000 - 0x00007fff97755000 	C:\Windows\system32\shcore.dll
0x00007fff96c30000 - 0x00007fff96c7b000 	C:\Windows\system32\powrprof.dll
0x00007fff96ca0000 - 0x00007fff96cb4000 	C:\Windows\system32\profapi.dll
0x00007fff966e0000 - 0x00007fff9686c000 	C:\Windows\SYSTEM32\dbghelp.dll

VM Arguments:
jvm_args: -Djava.awt.headless=true -Xmx1024M -Dfile.encoding=windows-1252 -Duser.country=US -Duser.language=en -Duser.variant 
java_command: com.android.dx.command.Main --dex --force-jumbo --num-threads=4 --multi-dex --output F:\Topeka\android-topeka-master\app\build\intermediates\transforms\dex\debug\folders\1000\5\slice_4 F:\Topeka\android-topeka-master\app\build\intermediates\transforms\instantRunSlicer\debug\folders\1\5\slice_4
java_class_path (initial): C:\Users\sdk2\build-tools\23.0.3\lib\dx.jar
Launcher Type: SUN_STANDARD

Environment Variables:
PATH=C:\ProgramData\Oracle\Java\javapath;C:\Windows\system32;C:\Windows;C:\Windows\System32\Wbem;C:\Windows\System32\WindowsPowerShell\v1.0\;C:\Program Files\Git\cmd;C:\Program Files (x86)\Skype\Phone\
USERNAME=Nguyen Hai
OS=Windows_NT
PROCESSOR_IDENTIFIER=Intel64 Family 6 Model 42 Stepping 7, GenuineIntel



---------------  S Y S T E M  ---------------

OS: Windows 10.0 , 64 bit Build 10586 (10.0.10586.0)

CPU:total 8 (4 cores per cpu, 2 threads per core) family 6 model 42 stepping 7, cmov, cx8, fxsr, mmx, sse, sse2, sse3, ssse3, sse4.1, sse4.2, popcnt, avx, aes, clmul, ht, tsc, tscinvbit

Memory: 4k page, physical 16760052k(8589148k free), swap 19250420k(3878756k free)

vm_info: Java HotSpot(TM) 64-Bit Server VM (25.91-b14) for windows-amd64 JRE (1.8.0_91-b14), built on Apr  1 2016 00:58:32 by "java_re" with MS VC++ 10.0 (VS2010)

time: Wed May 18 13:02:06 2016
elapsed time: 7 seconds (0d 0h 0m 7s)

